Using pre-set license
Built from '2022.3/staging' branch; Version is '2022.3.55f1 (9f374180d209) revision 10434369'; Using compiler version '192829333'; Build Type 'Release'
OS: 'Windows 10  (10.0.19045) 64bit Enterprise' Language: 'ru' Physical Memory: 16254 MB
BatchMode: 1, IsHumanControllingUs: 0, StartBugReporterOnCrash: 0, Is64bit: 1, IsPro: 1

COMMAND LINE ARGUMENTS:
E:\rub\2022.3.55f1\Editor\Unity.exe
-adb2
-batchMode
-noUpm
-name
AssetImportWorker3
-projectPath
E:/my game/cosmowar2
-logFile
Logs/AssetImportWorker3.log
-srvPort
52426
Successfully changed project path to: E:/my game/cosmowar2
E:/my game/cosmowar2
[UnityMemory] Configuration Parameters - Can be set up in boot.config
    "memorysetup-bucket-allocator-granularity=16"
    "memorysetup-bucket-allocator-bucket-count=8"
    "memorysetup-bucket-allocator-block-size=33554432"
    "memorysetup-bucket-allocator-block-count=8"
    "memorysetup-main-allocator-block-size=16777216"
    "memorysetup-thread-allocator-block-size=16777216"
    "memorysetup-gfx-main-allocator-block-size=16777216"
    "memorysetup-gfx-thread-allocator-block-size=16777216"
    "memorysetup-cache-allocator-block-size=4194304"
    "memorysetup-typetree-allocator-block-size=2097152"
    "memorysetup-profiler-bucket-allocator-granularity=16"
    "memorysetup-profiler-bucket-allocator-bucket-count=8"
    "memorysetup-profiler-bucket-allocator-block-size=33554432"
    "memorysetup-profiler-bucket-allocator-block-count=8"
    "memorysetup-profiler-allocator-block-size=16777216"
    "memorysetup-profiler-editor-allocator-block-size=1048576"
    "memorysetup-temp-allocator-size-main=16777216"
    "memorysetup-job-temp-allocator-block-size=2097152"
    "memorysetup-job-temp-allocator-block-size-background=1048576"
    "memorysetup-job-temp-allocator-reduction-small-platforms=262144"
    "memorysetup-allocator-temp-initial-block-size-main=262144"
    "memorysetup-allocator-temp-initial-block-size-worker=262144"
    "memorysetup-temp-allocator-size-background-worker=32768"
    "memorysetup-temp-allocator-size-job-worker=262144"
    "memorysetup-temp-allocator-size-preload-manager=33554432"
    "memorysetup-temp-allocator-size-nav-mesh-worker=65536"
    "memorysetup-temp-allocator-size-audio-worker=65536"
    "memorysetup-temp-allocator-size-cloud-worker=32768"
    "memorysetup-temp-allocator-size-gi-baking-worker=262144"
    "memorysetup-temp-allocator-size-gfx=262144"
Player connection [5584]  Target information:

Player connection [5584]  * "[IP] 26.198.18.166 [Port] 0 [Flags] 2 [Guid] 1080364347 [EditorId] 1080364347 [Version] 1048832 [Id] WindowsEditor(7,DESKTOP-QMVHU6P) [Debug] 1 [PackageName] WindowsEditor [ProjectName] Editor" 

Player connection [5584]  * "[IP] 10.0.122.90 [Port] 0 [Flags] 2 [Guid] 1080364347 [EditorId] 1080364347 [Version] 1048832 [Id] WindowsEditor(7,DESKTOP-QMVHU6P) [Debug] 1 [PackageName] WindowsEditor [ProjectName] Editor" 

Player connection [5584]  * "[IP] 192.168.0.111 [Port] 0 [Flags] 2 [Guid] 1080364347 [EditorId] 1080364347 [Version] 1048832 [Id] WindowsEditor(7,DESKTOP-QMVHU6P) [Debug] 1 [PackageName] WindowsEditor [ProjectName] Editor" 

Player connection [5584] Host joined multi-casting on [225.0.0.222:54997]...
Player connection [5584] Host joined alternative multi-casting on [225.0.0.222:34997]...
[PhysX] Initialized MultithreadedTaskDispatcher with 12 workers.
Refreshing native plugins compatible for Editor in 8.03 ms, found 4 plugins.
Preloading 0 native plugins for Editor in 0.00 ms.
Initialize engine version: 2022.3.55f1 (9f374180d209)
[Subsystems] Discovering subsystems at path E:/rub/2022.3.55f1/Editor/Data/Resources/UnitySubsystems
[Subsystems] Discovering subsystems at path E:/my game/cosmowar2/Assets
GfxDevice: creating device client; threaded=0; jobified=0
Direct3D:
    Version:  Direct3D 11.0 [level 11.1]
    Renderer: NVIDIA GeForce RTX 3050 (ID=0x2582)
    Vendor:   NVIDIA
    VRAM:     8042 MB
    Driver:   32.0.15.6636
Initialize mono
Mono path[0] = 'E:/rub/2022.3.55f1/Editor/Data/Managed'
Mono path[1] = 'E:/rub/2022.3.55f1/Editor/Data/MonoBleedingEdge/lib/mono/unityjit-win32'
Mono config path = 'E:/rub/2022.3.55f1/Editor/Data/MonoBleedingEdge/etc'
Using monoOptions --debugger-agent=transport=dt_socket,embedding=1,server=y,suspend=n,address=127.0.0.1:56792
Begin MonoManager ReloadAssembly
Registering precompiled unity dll's ...
Register platform support module: E:/rub/2022.3.55f1/Editor/Data/PlaybackEngines/WindowsStandaloneSupport/UnityEditor.WindowsStandalone.Extensions.dll
Registered in 0.003171 seconds.
- Loaded All Assemblies, in  0.266 seconds
Native extension for WindowsStandalone target not found
Mono: successfully reloaded assembly
- Finished resetting the current domain, in  0.221 seconds
Domain Reload Profiling: 487ms
	BeginReloadAssembly (86ms)
		ExecutionOrderSort (0ms)
		DisableScriptedObjects (0ms)
		BackupInstance (0ms)
		ReleaseScriptingObjects (0ms)
		CreateAndSetChildDomain (1ms)
	RebuildCommonClasses (27ms)
	RebuildNativeTypeToScriptingClass (8ms)
	initialDomainReloadingComplete (41ms)
	LoadAllAssembliesAndSetupDomain (104ms)
		LoadAssemblies (85ms)
		RebuildTransferFunctionScriptingTraits (0ms)
		AnalyzeDomain (102ms)
			TypeCache.Refresh (101ms)
				TypeCache.ScanAssembly (91ms)
			ScanForSourceGeneratedMonoScriptInfo (0ms)
			ResolveRequiredComponents (0ms)
	FinalizeReload (221ms)
		ReleaseScriptCaches (0ms)
		RebuildScriptCaches (0ms)
		SetupLoadedEditorAssemblies (183ms)
			LogAssemblyErrors (0ms)
			InitializePlatformSupportModulesInManaged (7ms)
			SetLoadedEditorAssemblies (6ms)
			RefreshPlugins (0ms)
			BeforeProcessingInitializeOnLoad (2ms)
			ProcessInitializeOnLoadAttributes (128ms)
			ProcessInitializeOnLoadMethodAttributes (39ms)
			AfterProcessingInitializeOnLoad (0ms)
			EditorAssembliesLoaded (0ms)
		ExecutionOrderSort2 (0ms)
		AwakeInstancesAfterBackupRestoration (0ms)
========================================================================
Worker process is ready to serve import requests
Caller must complete domain reload
Begin MonoManager ReloadAssembly
- Loaded All Assemblies, in  0.476 seconds
Native extension for WindowsStandalone target not found
Mono: successfully reloaded assembly
- Finished resetting the current domain, in  0.684 seconds
Domain Reload Profiling: 1160ms
	BeginReloadAssembly (120ms)
		ExecutionOrderSort (0ms)
		DisableScriptedObjects (5ms)
		BackupInstance (0ms)
		ReleaseScriptingObjects (0ms)
		CreateAndSetChildDomain (20ms)
	RebuildCommonClasses (26ms)
	RebuildNativeTypeToScriptingClass (8ms)
	initialDomainReloadingComplete (31ms)
	LoadAllAssembliesAndSetupDomain (291ms)
		LoadAssemblies (225ms)
		RebuildTransferFunctionScriptingTraits (0ms)
		AnalyzeDomain (134ms)
			TypeCache.Refresh (111ms)
				TypeCache.ScanAssembly (100ms)
			ScanForSourceGeneratedMonoScriptInfo (17ms)
			ResolveRequiredComponents (4ms)
	FinalizeReload (685ms)
		ReleaseScriptCaches (0ms)
		RebuildScriptCaches (0ms)
		SetupLoadedEditorAssemblies (570ms)
			LogAssemblyErrors (0ms)
			InitializePlatformSupportModulesInManaged (4ms)
			SetLoadedEditorAssemblies (3ms)
			RefreshPlugins (0ms)
			BeforeProcessingInitializeOnLoad (58ms)
			ProcessInitializeOnLoadAttributes (473ms)
			ProcessInitializeOnLoadMethodAttributes (29ms)
			AfterProcessingInitializeOnLoad (2ms)
			EditorAssembliesLoaded (0ms)
		ExecutionOrderSort2 (0ms)
		AwakeInstancesAfterBackupRestoration (6ms)
Launched and connected shader compiler UnityShaderCompiler.exe after 0.04 seconds
Refreshing native plugins compatible for Editor in 2.88 ms, found 4 plugins.
Preloading 0 native plugins for Editor in 0.00 ms.
Unloading 4065 Unused Serialized files (Serialized files now loaded: 0)
Unloading 38 unused Assets / (241.8 KB). Loaded Objects now: 4530.
Memory consumption went from 144.4 MB to 144.2 MB.
Total: 4.200800 ms (FindLiveObjects: 0.282100 ms CreateObjectMapping: 0.204700 ms MarkObjects: 3.388800 ms  DeleteObjects: 0.324600 ms)

AssetImportParameters requested are different than current active one (requested -> active):
  custom:scripting/monoscript/fileName/Spawner.cs: d4ecfa4bcf47f6dc773f0e956dfcf598 -> 7de732fab2c49f3068a483eb669d8d17
  custom:container-demuxer-ogg: 62fdf1f143b41e24485cea50d1cbac27 -> 
  custom:scripting/monoscript/fileName/Uniouns.cs: d6f10caf9c21db7aa8353762fd631dee -> 5ef8da36126434e84589959b86e516fc
  custom:scripting/monoscript/fileName/Interface1.cs: 27a7aa21a8a419a6206815213f4ba6a6 -> 
  custom:scripting/monoscript/fileName/ArmorBaff.cs: 70c1bf1c83c85feca86fa9c8f3c55d3c -> a07f9549f17c48276dea03fc66c7bfd2
  custom:video-decoder-ogg-theora: a1e56fd34408186e4bbccfd4996cb3dc -> 
  custom:scripting/monoscript/fileName/Items.cs: 5afa2fa4ca8aa91b76fce155a3536145 -> 
  custom:framework-win-MediaFoundation: 216162199b28c13a410421893ffa2e32 -> 
  custom:scripting/monoscript/fileName/Tower.cs: c7be0fb39d8a848aa997f795f195102b -> 16583eaf01662413665c0a8803428cd6
  custom:scripting/monoscript/fileName/Enemys.cs: 4d972a18405c8946f92a95d2f2962239 -> 
  custom:scripting/monoscript/fileName/CameraMov.cs: c480b4616f3f212da301fa2db62011cb -> 8d1bc534d5d9f7b3d3fd6559d17a5776
  custom:scripting/monoscript/fileName/Ckamikadze.cs: fdb2c3ee1e2bce0900dc62053c8cba3f -> 4d931420b5cb82ab9e4fb52997ea6105
  custom:scripting/monoscript/fileName/EnemyShipPlus.cs: 807808cf6c0b5f3406d4a421fcf38e7e -> 3e6c4eb847cce182da9094758a84ce60
  custom:CustomObjectIndexerAttribute: 9a22284fe3817be447336de3de66b15e -> 
  custom:scripting/monoscript/fileName/Camicadze.cs: 573d1a964dd4ed52e721acd350f89df3 -> 707a81ec25376e70c6eee052373a424f
  custom:scripting/monoscript/fileName/Inventory.cs: d078795b7125c8d5b747e156a3e12651 -> 
  custom:container-demuxer-webm: 4f35f7cbe854078d1ac9338744f61a02 -> 
  custom:scripting/monoscript/fileName/PlayerBullet.cs: 81f5631a2d27c15c107e1b8e48a68b17 -> c731ef22c8269eb15db4a8cb2ead8d91
  custom:scripting/monoscript/fileName/EnemyTower.cs: 54dc549c512b2cde5376acadcd0b81f6 -> 90b56ab87bdb47629c28d2ce78a103b1
  custom:scripting/monoscript/fileName/Shop.cs: 4cc3b6a394f938df9db62e82d6fe0a49 -> 
  custom:container-muxer-webm: aa71ff27fc2769a1b78a27578f13a17b -> 
  custom:video-decoder-webm-vp8: 9c59270c3fd7afecdb556c50c9e8de78 -> 
  custom:SearchIndexIgnoredProperties: e643bd26f0fe6173181afceb89e7c659 -> 
  custom:AudioImporter_EditorPlatform: d09bf68614088b80899f8185d706f6e7 -> 
  custom:scripting/monoscript/fileName/EnemyPlus.cs: a586207fa648f7917477bfe8dec266b2 -> beefa226820bdb4360cec9810e9098cb
  custom:scripting/monoscript/fileName/Enemy.cs: 557636673865ff53c1268fb7ac755d02 -> 13cc614454c9ae28caa24456faa3d7cf
  custom:scripting/monoscript/fileName/ParallaxEffect.cs: 67b53693e10ef65e66fc7d844812888f -> 43188908e00f2d573e53778e58b4052b
  custom:scripting/monoscript/fileName/spawnbull.cs: 3b741392a6d703077611447a6746a4e5 -> be7b0679e6e5901a18d8fa20279066f5
  custom:video-encoder-webm-vp8: eb34c28f22e8b96e1ab97ce403110664 -> 
  custom:audio-decoder-ogg-vorbis: bf7c407c2cedff20999df2af8eb42d56 -> 
  custom:scripting/monoscript/fileName/resourse.cs: a8089f8367df99411b71e6652dc7104d -> 
  custom:scripting/monoscript/fileName/Asteroid.cs: 41caaae9223992022bb17e6c03c956d3 -> 
  custom:scripting/monoscript/fileName/Bullet.cs: 8a4c6cde67dc77cce90b30d03ab59176 -> a4f5918e799041ba1f6608f13912eb8b
  custom:scripting/monoscript/fileName/EnemyShip.cs: 7297ae3fc5b20045d5460f3c70b86d03 -> c7d5d4636cc8af29678ab6c1b1104a84
  custom:audio-encoder-webm-vorbis: bf7c407c2cedff20999df2af8eb42d56 -> 
  custom:scripting/monoscript/fileName/OnDamage.cs: 27a7aa21a8a419a6206815213f4ba6a6 -> 
========================================================================
Received Prepare
Caller must complete domain reload
Begin MonoManager ReloadAssembly
- Loaded All Assemblies, in  0.686 seconds
Native extension for WindowsStandalone target not found
Mono: successfully reloaded assembly
- Finished resetting the current domain, in  0.691 seconds
Domain Reload Profiling: 1378ms
	BeginReloadAssembly (459ms)
		ExecutionOrderSort (0ms)
		DisableScriptedObjects (321ms)
		BackupInstance (0ms)
		ReleaseScriptingObjects (0ms)
		CreateAndSetChildDomain (40ms)
	RebuildCommonClasses (26ms)
	RebuildNativeTypeToScriptingClass (8ms)
	initialDomainReloadingComplete (21ms)
	LoadAllAssembliesAndSetupDomain (173ms)
		LoadAssemblies (217ms)
		RebuildTransferFunctionScriptingTraits (0ms)
		AnalyzeDomain (22ms)
			TypeCache.Refresh (7ms)
				TypeCache.ScanAssembly (0ms)
			ScanForSourceGeneratedMonoScriptInfo (8ms)
			ResolveRequiredComponents (5ms)
	FinalizeReload (691ms)
		ReleaseScriptCaches (0ms)
		RebuildScriptCaches (0ms)
		SetupLoadedEditorAssemblies (537ms)
			LogAssemblyErrors (0ms)
			InitializePlatformSupportModulesInManaged (4ms)
			SetLoadedEditorAssemblies (3ms)
			RefreshPlugins (0ms)
			BeforeProcessingInitializeOnLoad (55ms)
			ProcessInitializeOnLoadAttributes (446ms)
			ProcessInitializeOnLoadMethodAttributes (27ms)
			AfterProcessingInitializeOnLoad (2ms)
			EditorAssembliesLoaded (0ms)
		ExecutionOrderSort2 (0ms)
		AwakeInstancesAfterBackupRestoration (12ms)
Refreshing native plugins compatible for Editor in 2.81 ms, found 4 plugins.
Preloading 0 native plugins for Editor in 0.00 ms.
Unloading 4047 Unused Serialized files (Serialized files now loaded: 0)
Unloading 25 unused Assets / (213.7 KB). Loaded Objects now: 4535.
Memory consumption went from 140.6 MB to 140.4 MB.
Total: 3.959600 ms (FindLiveObjects: 0.314600 ms CreateObjectMapping: 0.237200 ms MarkObjects: 3.227600 ms  DeleteObjects: 0.179300 ms)

Prepare: number of updated asset objects reloaded= 0
AssetImportParameters requested are different than current active one (requested -> active):
  custom:scripting/monoscript/fileName/Spawner.cs: d4ecfa4bcf47f6dc773f0e956dfcf598 -> 7de732fab2c49f3068a483eb669d8d17
  custom:container-demuxer-ogg: 62fdf1f143b41e24485cea50d1cbac27 -> 
  custom:scripting/monoscript/fileName/Uniouns.cs: d6f10caf9c21db7aa8353762fd631dee -> 5ef8da36126434e84589959b86e516fc
  custom:scripting/monoscript/fileName/Interface1.cs: 27a7aa21a8a419a6206815213f4ba6a6 -> 
  custom:scripting/monoscript/fileName/ArmorBaff.cs: 70c1bf1c83c85feca86fa9c8f3c55d3c -> a07f9549f17c48276dea03fc66c7bfd2
  custom:video-decoder-ogg-theora: a1e56fd34408186e4bbccfd4996cb3dc -> 
  custom:scripting/monoscript/fileName/Items.cs: 5afa2fa4ca8aa91b76fce155a3536145 -> 
  custom:framework-win-MediaFoundation: 216162199b28c13a410421893ffa2e32 -> 
  custom:scripting/monoscript/fileName/Tower.cs: c7be0fb39d8a848aa997f795f195102b -> 16583eaf01662413665c0a8803428cd6
  custom:scripting/monoscript/fileName/Enemys.cs: 4d972a18405c8946f92a95d2f2962239 -> 
  custom:scripting/monoscript/fileName/CameraMov.cs: c480b4616f3f212da301fa2db62011cb -> 8d1bc534d5d9f7b3d3fd6559d17a5776
  custom:scripting/monoscript/fileName/Ckamikadze.cs: fdb2c3ee1e2bce0900dc62053c8cba3f -> 4d931420b5cb82ab9e4fb52997ea6105
  custom:scripting/monoscript/fileName/EnemyShipPlus.cs: 807808cf6c0b5f3406d4a421fcf38e7e -> 3e6c4eb847cce182da9094758a84ce60
  custom:CustomObjectIndexerAttribute: 9a22284fe3817be447336de3de66b15e -> 
  custom:scripting/monoscript/fileName/Camicadze.cs: deda20ff186d324b0d043b94832c3f26 -> 707a81ec25376e70c6eee052373a424f
  custom:scripting/monoscript/fileName/Inventory.cs: d078795b7125c8d5b747e156a3e12651 -> 
  custom:container-demuxer-webm: 4f35f7cbe854078d1ac9338744f61a02 -> 
  custom:scripting/monoscript/fileName/PlayerBullet.cs: 81f5631a2d27c15c107e1b8e48a68b17 -> c731ef22c8269eb15db4a8cb2ead8d91
  custom:scripting/monoscript/fileName/EnemyTower.cs: 54dc549c512b2cde5376acadcd0b81f6 -> 90b56ab87bdb47629c28d2ce78a103b1
  custom:scripting/monoscript/fileName/Shop.cs: 4cc3b6a394f938df9db62e82d6fe0a49 -> 
  custom:container-muxer-webm: aa71ff27fc2769a1b78a27578f13a17b -> 
  custom:video-decoder-webm-vp8: 9c59270c3fd7afecdb556c50c9e8de78 -> 
  custom:SearchIndexIgnoredProperties: e643bd26f0fe6173181afceb89e7c659 -> 
  custom:AudioImporter_EditorPlatform: d09bf68614088b80899f8185d706f6e7 -> 
  custom:scripting/monoscript/fileName/EnemyPlus.cs: a586207fa648f7917477bfe8dec266b2 -> beefa226820bdb4360cec9810e9098cb
  custom:scripting/monoscript/fileName/Enemy.cs: 557636673865ff53c1268fb7ac755d02 -> 13cc614454c9ae28caa24456faa3d7cf
  custom:scripting/monoscript/fileName/ParallaxEffect.cs: 67b53693e10ef65e66fc7d844812888f -> 43188908e00f2d573e53778e58b4052b
  custom:scripting/monoscript/fileName/spawnbull.cs: 3b741392a6d703077611447a6746a4e5 -> be7b0679e6e5901a18d8fa20279066f5
  custom:video-encoder-webm-vp8: eb34c28f22e8b96e1ab97ce403110664 -> 
  custom:audio-decoder-ogg-vorbis: bf7c407c2cedff20999df2af8eb42d56 -> 
  custom:scripting/monoscript/fileName/resourse.cs: a8089f8367df99411b71e6652dc7104d -> 
  custom:scripting/monoscript/fileName/Asteroid.cs: 41caaae9223992022bb17e6c03c956d3 -> 
  custom:scripting/monoscript/fileName/Bullet.cs: 8a4c6cde67dc77cce90b30d03ab59176 -> a4f5918e799041ba1f6608f13912eb8b
  custom:scripting/monoscript/fileName/EnemyShip.cs: 7297ae3fc5b20045d5460f3c70b86d03 -> c7d5d4636cc8af29678ab6c1b1104a84
  custom:audio-encoder-webm-vorbis: bf7c407c2cedff20999df2af8eb42d56 -> 
  custom:scripting/precompiled-assembly-types:Assembly-CSharp: c38f2f087376e98226d5027dd8bd6aba -> 035a0a5ade096b2c62a5c5b4a379e281
  custom:scripting/monoscript/fileName/OnDamage.cs: 27a7aa21a8a419a6206815213f4ba6a6 -> 
========================================================================
Received Import Request.
  Time since last request: 13832.236600 seconds.
  path: Assets/Enemy/NavII/Triangle.prefab
  artifactKey: Guid(51f56b5aae5ea764184d28df7fb76c0d) Importer(815301076,1909f56bfc062723c751e8b465ee728b)
Start importing Assets/Enemy/NavII/Triangle.prefab using Guid(51f56b5aae5ea764184d28df7fb76c0d) Importer(815301076,1909f56bfc062723c751e8b465ee728b) [PhysX] Initialized MultithreadedTaskDispatcher with 12 workers.
[PhysX] Initialized MultithreadedTaskDispatcher with 12 workers.
 -> (artifact id: '72c563225844496a940768c68ea54c6f') in 0.072211 seconds
Number of updated asset objects reloaded before import = 0
Number of asset objects unloaded after import = 22
========================================================================
Received Prepare
Caller must complete domain reload
Begin MonoManager ReloadAssembly
- Loaded All Assemblies, in  0.388 seconds
Native extension for WindowsStandalone target not found
Mono: successfully reloaded assembly
- Finished resetting the current domain, in  0.952 seconds
Domain Reload Profiling: 1340ms
	BeginReloadAssembly (147ms)
		ExecutionOrderSort (0ms)
		DisableScriptedObjects (11ms)
		BackupInstance (0ms)
		ReleaseScriptingObjects (0ms)
		CreateAndSetChildDomain (39ms)
	RebuildCommonClasses (29ms)
	RebuildNativeTypeToScriptingClass (9ms)
	initialDomainReloadingComplete (21ms)
	LoadAllAssembliesAndSetupDomain (181ms)
		LoadAssemblies (229ms)
		RebuildTransferFunctionScriptingTraits (0ms)
		AnalyzeDomain (23ms)
			TypeCache.Refresh (7ms)
				TypeCache.ScanAssembly (0ms)
			ScanForSourceGeneratedMonoScriptInfo (9ms)
			ResolveRequiredComponents (6ms)
	FinalizeReload (953ms)
		ReleaseScriptCaches (0ms)
		RebuildScriptCaches (0ms)
		SetupLoadedEditorAssemblies (523ms)
			LogAssemblyErrors (0ms)
			InitializePlatformSupportModulesInManaged (4ms)
			SetLoadedEditorAssemblies (3ms)
			RefreshPlugins (0ms)
			BeforeProcessingInitializeOnLoad (56ms)
			ProcessInitializeOnLoadAttributes (432ms)
			ProcessInitializeOnLoadMethodAttributes (26ms)
			AfterProcessingInitializeOnLoad (2ms)
			EditorAssembliesLoaded (0ms)
		ExecutionOrderSort2 (0ms)
		AwakeInstancesAfterBackupRestoration (11ms)
Refreshing native plugins compatible for Editor in 2.83 ms, found 4 plugins.
Preloading 0 native plugins for Editor in 0.00 ms.
Unloading 4045 Unused Serialized files (Serialized files now loaded: 0)
Unloading 26 unused Assets / (214.4 KB). Loaded Objects now: 4547.
Memory consumption went from 144.9 MB to 144.7 MB.
Total: 3.974500 ms (FindLiveObjects: 0.306800 ms CreateObjectMapping: 0.238100 ms MarkObjects: 3.272200 ms  DeleteObjects: 0.156600 ms)

Prepare: number of updated asset objects reloaded= 0
AssetImportParameters requested are different than current active one (requested -> active):
  custom:scripting/monoscript/fileName/Spawner.cs: d4ecfa4bcf47f6dc773f0e956dfcf598 -> 7de732fab2c49f3068a483eb669d8d17
  custom:container-demuxer-ogg: 62fdf1f143b41e24485cea50d1cbac27 -> 
  custom:scripting/monoscript/fileName/Uniouns.cs: d6f10caf9c21db7aa8353762fd631dee -> 5ef8da36126434e84589959b86e516fc
  custom:scripting/monoscript/fileName/Interface1.cs: 27a7aa21a8a419a6206815213f4ba6a6 -> 
  custom:scripting/monoscript/fileName/ArmorBaff.cs: 70c1bf1c83c85feca86fa9c8f3c55d3c -> a07f9549f17c48276dea03fc66c7bfd2
  custom:video-decoder-ogg-theora: a1e56fd34408186e4bbccfd4996cb3dc -> 
  custom:scripting/monoscript/fileName/Items.cs: 5afa2fa4ca8aa91b76fce155a3536145 -> 
  custom:framework-win-MediaFoundation: 216162199b28c13a410421893ffa2e32 -> 
  custom:scripting/monoscript/fileName/Tower.cs: c7be0fb39d8a848aa997f795f195102b -> 16583eaf01662413665c0a8803428cd6
  custom:scripting/monoscript/fileName/Enemys.cs: 4d972a18405c8946f92a95d2f2962239 -> 
  custom:scripting/monoscript/fileName/CameraMov.cs: c480b4616f3f212da301fa2db62011cb -> 8d1bc534d5d9f7b3d3fd6559d17a5776
  custom:scripting/monoscript/fileName/Ckamikadze.cs: fdb2c3ee1e2bce0900dc62053c8cba3f -> 4d931420b5cb82ab9e4fb52997ea6105
  custom:scripting/monoscript/fileName/EnemyShipPlus.cs: 807808cf6c0b5f3406d4a421fcf38e7e -> 3e6c4eb847cce182da9094758a84ce60
  custom:CustomObjectIndexerAttribute: 9a22284fe3817be447336de3de66b15e -> 
  custom:scripting/monoscript/fileName/Camicadze.cs: deda20ff186d324b0d043b94832c3f26 -> 707a81ec25376e70c6eee052373a424f
  custom:scripting/monoscript/fileName/Inventory.cs: d078795b7125c8d5b747e156a3e12651 -> 
  custom:container-demuxer-webm: 4f35f7cbe854078d1ac9338744f61a02 -> 
  custom:scripting/monoscript/fileName/PlayerBullet.cs: 81f5631a2d27c15c107e1b8e48a68b17 -> c731ef22c8269eb15db4a8cb2ead8d91
  custom:scripting/monoscript/fileName/EnemyTower.cs: 54dc549c512b2cde5376acadcd0b81f6 -> 90b56ab87bdb47629c28d2ce78a103b1
  custom:scripting/monoscript/fileName/Shop.cs: 4cc3b6a394f938df9db62e82d6fe0a49 -> 
  custom:container-muxer-webm: aa71ff27fc2769a1b78a27578f13a17b -> 
  custom:video-decoder-webm-vp8: 9c59270c3fd7afecdb556c50c9e8de78 -> 
  custom:SearchIndexIgnoredProperties: e643bd26f0fe6173181afceb89e7c659 -> 
  custom:AudioImporter_EditorPlatform: d09bf68614088b80899f8185d706f6e7 -> 
  custom:scripting/monoscript/fileName/EnemyPlus.cs: a586207fa648f7917477bfe8dec266b2 -> beefa226820bdb4360cec9810e9098cb
  custom:scripting/monoscript/fileName/Enemy.cs: 557636673865ff53c1268fb7ac755d02 -> 13cc614454c9ae28caa24456faa3d7cf
  custom:scripting/monoscript/fileName/ParallaxEffect.cs: 67b53693e10ef65e66fc7d844812888f -> 43188908e00f2d573e53778e58b4052b
  custom:scripting/monoscript/fileName/spawnbull.cs: 3b741392a6d703077611447a6746a4e5 -> be7b0679e6e5901a18d8fa20279066f5
  custom:video-encoder-webm-vp8: eb34c28f22e8b96e1ab97ce403110664 -> 
  custom:audio-decoder-ogg-vorbis: bf7c407c2cedff20999df2af8eb42d56 -> 
  custom:scripting/monoscript/fileName/resourse.cs: a8089f8367df99411b71e6652dc7104d -> 
  custom:scripting/monoscript/fileName/Asteroid.cs: 41caaae9223992022bb17e6c03c956d3 -> 
  custom:scripting/monoscript/fileName/Bullet.cs: 8a4c6cde67dc77cce90b30d03ab59176 -> a4f5918e799041ba1f6608f13912eb8b
  custom:scripting/monoscript/fileName/EnemyShip.cs: 7297ae3fc5b20045d5460f3c70b86d03 -> c7d5d4636cc8af29678ab6c1b1104a84
  custom:audio-encoder-webm-vorbis: bf7c407c2cedff20999df2af8eb42d56 -> 
  custom:scripting/precompiled-assembly-types:Assembly-CSharp: 858de71054eb76c85160490aede3d664 -> 035a0a5ade096b2c62a5c5b4a379e281
  custom:scripting/monoscript/fileName/OnDamage.cs: 27a7aa21a8a419a6206815213f4ba6a6 -> 
========================================================================
Received Prepare
Caller must complete domain reload
Begin MonoManager ReloadAssembly
- Loaded All Assemblies, in  0.386 seconds
Native extension for WindowsStandalone target not found
Mono: successfully reloaded assembly
- Finished resetting the current domain, in  1.003 seconds
Domain Reload Profiling: 1389ms
	BeginReloadAssembly (149ms)
		ExecutionOrderSort (0ms)
		DisableScriptedObjects (10ms)
		BackupInstance (0ms)
		ReleaseScriptingObjects (0ms)
		CreateAndSetChildDomain (33ms)
	RebuildCommonClasses (27ms)
	RebuildNativeTypeToScriptingClass (8ms)
	initialDomainReloadingComplete (21ms)
	LoadAllAssembliesAndSetupDomain (180ms)
		LoadAssemblies (238ms)
		RebuildTransferFunctionScriptingTraits (0ms)
		AnalyzeDomain (24ms)
			TypeCache.Refresh (8ms)
				TypeCache.ScanAssembly (0ms)
			ScanForSourceGeneratedMonoScriptInfo (9ms)
			ResolveRequiredComponents (6ms)
	FinalizeReload (1004ms)
		ReleaseScriptCaches (0ms)
		RebuildScriptCaches (0ms)
		SetupLoadedEditorAssemblies (559ms)
			LogAssemblyErrors (0ms)
			InitializePlatformSupportModulesInManaged (5ms)
			SetLoadedEditorAssemblies (3ms)
			RefreshPlugins (0ms)
			BeforeProcessingInitializeOnLoad (59ms)
			ProcessInitializeOnLoadAttributes (464ms)
			ProcessInitializeOnLoadMethodAttributes (26ms)
			AfterProcessingInitializeOnLoad (2ms)
			EditorAssembliesLoaded (0ms)
		ExecutionOrderSort2 (0ms)
		AwakeInstancesAfterBackupRestoration (12ms)
Refreshing native plugins compatible for Editor in 2.92 ms, found 4 plugins.
Preloading 0 native plugins for Editor in 0.00 ms.
Unloading 4046 Unused Serialized files (Serialized files now loaded: 0)
Unloading 25 unused Assets / (213.8 KB). Loaded Objects now: 4551.
Memory consumption went from 145.2 MB to 145.0 MB.
Total: 3.988400 ms (FindLiveObjects: 0.283400 ms CreateObjectMapping: 0.229900 ms MarkObjects: 3.293100 ms  DeleteObjects: 0.181000 ms)

Prepare: number of updated asset objects reloaded= 0
AssetImportParameters requested are different than current active one (requested -> active):
  custom:scripting/monoscript/fileName/Spawner.cs: d4ecfa4bcf47f6dc773f0e956dfcf598 -> 7de732fab2c49f3068a483eb669d8d17
  custom:container-demuxer-ogg: 62fdf1f143b41e24485cea50d1cbac27 -> 
  custom:scripting/monoscript/fileName/Uniouns.cs: d6f10caf9c21db7aa8353762fd631dee -> 5ef8da36126434e84589959b86e516fc
  custom:scripting/monoscript/fileName/Interface1.cs: 27a7aa21a8a419a6206815213f4ba6a6 -> 
  custom:scripting/monoscript/fileName/ArmorBaff.cs: 70c1bf1c83c85feca86fa9c8f3c55d3c -> a07f9549f17c48276dea03fc66c7bfd2
  custom:video-decoder-ogg-theora: a1e56fd34408186e4bbccfd4996cb3dc -> 
  custom:scripting/monoscript/fileName/Items.cs: 5afa2fa4ca8aa91b76fce155a3536145 -> 
  custom:framework-win-MediaFoundation: 216162199b28c13a410421893ffa2e32 -> 
  custom:scripting/monoscript/fileName/Tower.cs: c7be0fb39d8a848aa997f795f195102b -> 16583eaf01662413665c0a8803428cd6
  custom:scripting/monoscript/fileName/Enemys.cs: 4d972a18405c8946f92a95d2f2962239 -> 
  custom:scripting/monoscript/fileName/CameraMov.cs: c480b4616f3f212da301fa2db62011cb -> 8d1bc534d5d9f7b3d3fd6559d17a5776
  custom:scripting/monoscript/fileName/Ckamikadze.cs: 03a754c80d0ce2d926067f30cc9e40c3 -> 4d931420b5cb82ab9e4fb52997ea6105
  custom:scripting/monoscript/fileName/EnemyShipPlus.cs: 807808cf6c0b5f3406d4a421fcf38e7e -> 3e6c4eb847cce182da9094758a84ce60
  custom:CustomObjectIndexerAttribute: 9a22284fe3817be447336de3de66b15e -> 
  custom:scripting/monoscript/fileName/Camicadze.cs: deda20ff186d324b0d043b94832c3f26 -> 707a81ec25376e70c6eee052373a424f
  custom:scripting/monoscript/fileName/Inventory.cs: d078795b7125c8d5b747e156a3e12651 -> 
  custom:container-demuxer-webm: 4f35f7cbe854078d1ac9338744f61a02 -> 
  custom:scripting/monoscript/fileName/PlayerBullet.cs: 81f5631a2d27c15c107e1b8e48a68b17 -> c731ef22c8269eb15db4a8cb2ead8d91
  custom:scripting/monoscript/fileName/EnemyTower.cs: 54dc549c512b2cde5376acadcd0b81f6 -> 90b56ab87bdb47629c28d2ce78a103b1
  custom:scripting/monoscript/fileName/Shop.cs: 4cc3b6a394f938df9db62e82d6fe0a49 -> 
  custom:container-muxer-webm: aa71ff27fc2769a1b78a27578f13a17b -> 
  custom:video-decoder-webm-vp8: 9c59270c3fd7afecdb556c50c9e8de78 -> 
  custom:SearchIndexIgnoredProperties: e643bd26f0fe6173181afceb89e7c659 -> 
  custom:AudioImporter_EditorPlatform: d09bf68614088b80899f8185d706f6e7 -> 
  custom:scripting/monoscript/fileName/EnemyPlus.cs: a586207fa648f7917477bfe8dec266b2 -> beefa226820bdb4360cec9810e9098cb
  custom:scripting/monoscript/fileName/Enemy.cs: 557636673865ff53c1268fb7ac755d02 -> 13cc614454c9ae28caa24456faa3d7cf
  custom:scripting/monoscript/fileName/ParallaxEffect.cs: 67b53693e10ef65e66fc7d844812888f -> 43188908e00f2d573e53778e58b4052b
  custom:scripting/monoscript/fileName/spawnbull.cs: 3b741392a6d703077611447a6746a4e5 -> be7b0679e6e5901a18d8fa20279066f5
  custom:video-encoder-webm-vp8: eb34c28f22e8b96e1ab97ce403110664 -> 
  custom:audio-decoder-ogg-vorbis: bf7c407c2cedff20999df2af8eb42d56 -> 
  custom:scripting/monoscript/fileName/resourse.cs: a8089f8367df99411b71e6652dc7104d -> 
  custom:scripting/monoscript/fileName/Asteroid.cs: 41caaae9223992022bb17e6c03c956d3 -> 
  custom:scripting/monoscript/fileName/Bullet.cs: 8a4c6cde67dc77cce90b30d03ab59176 -> a4f5918e799041ba1f6608f13912eb8b
  custom:scripting/monoscript/fileName/EnemyShip.cs: 7297ae3fc5b20045d5460f3c70b86d03 -> c7d5d4636cc8af29678ab6c1b1104a84
  custom:audio-encoder-webm-vorbis: bf7c407c2cedff20999df2af8eb42d56 -> 
  custom:scripting/precompiled-assembly-types:Assembly-CSharp: 6c6038b791b4ce73df39f98623986f11 -> 035a0a5ade096b2c62a5c5b4a379e281
  custom:scripting/monoscript/fileName/OnDamage.cs: 27a7aa21a8a419a6206815213f4ba6a6 -> 
========================================================================
Received Import Request.
  Time since last request: 50.008022 seconds.
  path: Assets/Enemy/Camikadze/Camikadze.prefab
  artifactKey: Guid(d3fc59ad81736d14ba8b2b9aab5292a5) Importer(815301076,1909f56bfc062723c751e8b465ee728b)
Start importing Assets/Enemy/Camikadze/Camikadze.prefab using Guid(d3fc59ad81736d14ba8b2b9aab5292a5) Importer(815301076,1909f56bfc062723c751e8b465ee728b) [PhysX] Initialized MultithreadedTaskDispatcher with 12 workers.
[PhysX] Initialized MultithreadedTaskDispatcher with 12 workers.
 -> (artifact id: 'da15b287760d102dfb7603a2929e4049') in 0.045443 seconds
Number of updated asset objects reloaded before import = 0
Number of asset objects unloaded after import = 10
========================================================================
Received Prepare
Caller must complete domain reload
Begin MonoManager ReloadAssembly
- Loaded All Assemblies, in  0.388 seconds
Native extension for WindowsStandalone target not found
Mono: successfully reloaded assembly
- Finished resetting the current domain, in  0.963 seconds
Domain Reload Profiling: 1351ms
	BeginReloadAssembly (138ms)
		ExecutionOrderSort (0ms)
		DisableScriptedObjects (10ms)
		BackupInstance (0ms)
		ReleaseScriptingObjects (0ms)
		CreateAndSetChildDomain (36ms)
	RebuildCommonClasses (32ms)
	RebuildNativeTypeToScriptingClass (8ms)
	initialDomainReloadingComplete (21ms)
	LoadAllAssembliesAndSetupDomain (188ms)
		LoadAssemblies (228ms)
		RebuildTransferFunctionScriptingTraits (0ms)
		AnalyzeDomain (28ms)
			TypeCache.Refresh (8ms)
				TypeCache.ScanAssembly (0ms)
			ScanForSourceGeneratedMonoScriptInfo (13ms)
			ResolveRequiredComponents (6ms)
	FinalizeReload (964ms)
		ReleaseScriptCaches (0ms)
		RebuildScriptCaches (0ms)
		SetupLoadedEditorAssemblies (533ms)
			LogAssemblyErrors (0ms)
			InitializePlatformSupportModulesInManaged (4ms)
			SetLoadedEditorAssemblies (3ms)
			RefreshPlugins (0ms)
			BeforeProcessingInitializeOnLoad (56ms)
			ProcessInitializeOnLoadAttributes (440ms)
			ProcessInitializeOnLoadMethodAttributes (28ms)
			AfterProcessingInitializeOnLoad (2ms)
			EditorAssembliesLoaded (0ms)
		ExecutionOrderSort2 (0ms)
		AwakeInstancesAfterBackupRestoration (12ms)
Refreshing native plugins compatible for Editor in 2.86 ms, found 4 plugins.
Preloading 0 native plugins for Editor in 0.00 ms.
Unloading 4045 Unused Serialized files (Serialized files now loaded: 0)
Unloading 25 unused Assets / (213.8 KB). Loaded Objects now: 4555.
Memory consumption went from 144.9 MB to 144.7 MB.
Total: 4.039400 ms (FindLiveObjects: 0.337000 ms CreateObjectMapping: 0.280600 ms MarkObjects: 3.257600 ms  DeleteObjects: 0.163500 ms)

Prepare: number of updated asset objects reloaded= 0
AssetImportParameters requested are different than current active one (requested -> active):
  custom:scripting/monoscript/fileName/Spawner.cs: d4ecfa4bcf47f6dc773f0e956dfcf598 -> 7de732fab2c49f3068a483eb669d8d17
  custom:container-demuxer-ogg: 62fdf1f143b41e24485cea50d1cbac27 -> 
  custom:scripting/monoscript/fileName/Uniouns.cs: d6f10caf9c21db7aa8353762fd631dee -> 5ef8da36126434e84589959b86e516fc
  custom:scripting/monoscript/fileName/Interface1.cs: 27a7aa21a8a419a6206815213f4ba6a6 -> 
  custom:scripting/monoscript/fileName/ArmorBaff.cs: 70c1bf1c83c85feca86fa9c8f3c55d3c -> a07f9549f17c48276dea03fc66c7bfd2
  custom:video-decoder-ogg-theora: a1e56fd34408186e4bbccfd4996cb3dc -> 
  custom:scripting/monoscript/fileName/Items.cs: 5afa2fa4ca8aa91b76fce155a3536145 -> 
  custom:framework-win-MediaFoundation: 216162199b28c13a410421893ffa2e32 -> 
  custom:scripting/monoscript/fileName/Tower.cs: c7be0fb39d8a848aa997f795f195102b -> 16583eaf01662413665c0a8803428cd6
  custom:scripting/monoscript/fileName/Enemys.cs: 4d972a18405c8946f92a95d2f2962239 -> 
  custom:scripting/monoscript/fileName/CameraMov.cs: c480b4616f3f212da301fa2db62011cb -> 8d1bc534d5d9f7b3d3fd6559d17a5776
  custom:scripting/monoscript/fileName/Ckamikadze.cs: 03a754c80d0ce2d926067f30cc9e40c3 -> 4d931420b5cb82ab9e4fb52997ea6105
  custom:scripting/monoscript/fileName/EnemyShipPlus.cs: 807808cf6c0b5f3406d4a421fcf38e7e -> 3e6c4eb847cce182da9094758a84ce60
  custom:CustomObjectIndexerAttribute: 9a22284fe3817be447336de3de66b15e -> 
  custom:scripting/monoscript/fileName/Camicadze.cs: deda20ff186d324b0d043b94832c3f26 -> 707a81ec25376e70c6eee052373a424f
  custom:scripting/monoscript/fileName/Inventory.cs: d078795b7125c8d5b747e156a3e12651 -> 
  custom:container-demuxer-webm: 4f35f7cbe854078d1ac9338744f61a02 -> 
  custom:scripting/monoscript/fileName/PlayerBullet.cs: 81f5631a2d27c15c107e1b8e48a68b17 -> c731ef22c8269eb15db4a8cb2ead8d91
  custom:scripting/monoscript/fileName/EnemyTower.cs: 54dc549c512b2cde5376acadcd0b81f6 -> 90b56ab87bdb47629c28d2ce78a103b1
  custom:scripting/monoscript/fileName/Shop.cs: 4cc3b6a394f938df9db62e82d6fe0a49 -> 
  custom:container-muxer-webm: aa71ff27fc2769a1b78a27578f13a17b -> 
  custom:video-decoder-webm-vp8: 9c59270c3fd7afecdb556c50c9e8de78 -> 
  custom:SearchIndexIgnoredProperties: e643bd26f0fe6173181afceb89e7c659 -> 
  custom:AudioImporter_EditorPlatform: d09bf68614088b80899f8185d706f6e7 -> 
  custom:scripting/monoscript/fileName/EnemyPlus.cs: a586207fa648f7917477bfe8dec266b2 -> beefa226820bdb4360cec9810e9098cb
  custom:scripting/monoscript/fileName/Enemy.cs: 557636673865ff53c1268fb7ac755d02 -> 13cc614454c9ae28caa24456faa3d7cf
  custom:scripting/monoscript/fileName/ParallaxEffect.cs: 67b53693e10ef65e66fc7d844812888f -> 43188908e00f2d573e53778e58b4052b
  custom:scripting/monoscript/fileName/spawnbull.cs: 3b741392a6d703077611447a6746a4e5 -> be7b0679e6e5901a18d8fa20279066f5
  custom:video-encoder-webm-vp8: eb34c28f22e8b96e1ab97ce403110664 -> 
  custom:audio-decoder-ogg-vorbis: bf7c407c2cedff20999df2af8eb42d56 -> 
  custom:scripting/monoscript/fileName/resourse.cs: a8089f8367df99411b71e6652dc7104d -> 
  custom:scripting/monoscript/fileName/Asteroid.cs: 41caaae9223992022bb17e6c03c956d3 -> 
  custom:scripting/monoscript/fileName/Bullet.cs: 8a4c6cde67dc77cce90b30d03ab59176 -> a4f5918e799041ba1f6608f13912eb8b
  custom:scripting/monoscript/fileName/EnemyShip.cs: 90c9a0d051c66a1034c8d010e26f8e95 -> c7d5d4636cc8af29678ab6c1b1104a84
  custom:audio-encoder-webm-vorbis: bf7c407c2cedff20999df2af8eb42d56 -> 
  custom:scripting/precompiled-assembly-types:Assembly-CSharp: 6c7abc25c1b87148bdb9b711edef0ea7 -> 035a0a5ade096b2c62a5c5b4a379e281
  custom:scripting/monoscript/fileName/OnDamage.cs: 27a7aa21a8a419a6206815213f4ba6a6 -> 
========================================================================
Received Prepare
Caller must complete domain reload
Begin MonoManager ReloadAssembly
- Loaded All Assemblies, in  0.391 seconds
Native extension for WindowsStandalone target not found
Mono: successfully reloaded assembly
- Finished resetting the current domain, in  0.970 seconds
Domain Reload Profiling: 1359ms
	BeginReloadAssembly (140ms)
		ExecutionOrderSort (0ms)
		DisableScriptedObjects (10ms)
		BackupInstance (0ms)
		ReleaseScriptingObjects (0ms)
		CreateAndSetChildDomain (34ms)
	RebuildCommonClasses (27ms)
	RebuildNativeTypeToScriptingClass (8ms)
	initialDomainReloadingComplete (22ms)
	LoadAllAssembliesAndSetupDomain (192ms)
		LoadAssemblies (240ms)
		RebuildTransferFunctionScriptingTraits (0ms)
		AnalyzeDomain (23ms)
			TypeCache.Refresh (8ms)
				TypeCache.ScanAssembly (0ms)
			ScanForSourceGeneratedMonoScriptInfo (9ms)
			ResolveRequiredComponents (5ms)
	FinalizeReload (970ms)
		ReleaseScriptCaches (0ms)
		RebuildScriptCaches (0ms)
		SetupLoadedEditorAssemblies (538ms)
			LogAssemblyErrors (0ms)
			InitializePlatformSupportModulesInManaged (4ms)
			SetLoadedEditorAssemblies (3ms)
			RefreshPlugins (0ms)
			BeforeProcessingInitializeOnLoad (57ms)
			ProcessInitializeOnLoadAttributes (441ms)
			ProcessInitializeOnLoadMethodAttributes (30ms)
			AfterProcessingInitializeOnLoad (2ms)
			EditorAssembliesLoaded (0ms)
		ExecutionOrderSort2 (0ms)
		AwakeInstancesAfterBackupRestoration (12ms)
Refreshing native plugins compatible for Editor in 2.88 ms, found 4 plugins.
Preloading 0 native plugins for Editor in 0.00 ms.
Unloading 4045 Unused Serialized files (Serialized files now loaded: 0)
Unloading 26 unused Assets / (214.3 KB). Loaded Objects now: 4558.
Memory consumption went from 145.2 MB to 145.0 MB.
Total: 4.002600 ms (FindLiveObjects: 0.303300 ms CreateObjectMapping: 0.228100 ms MarkObjects: 3.297800 ms  DeleteObjects: 0.172700 ms)

Prepare: number of updated asset objects reloaded= 0
AssetImportParameters requested are different than current active one (requested -> active):
  custom:scripting/monoscript/fileName/Spawner.cs: d4ecfa4bcf47f6dc773f0e956dfcf598 -> 7de732fab2c49f3068a483eb669d8d17
  custom:container-demuxer-ogg: 62fdf1f143b41e24485cea50d1cbac27 -> 
  custom:scripting/monoscript/fileName/Uniouns.cs: d6f10caf9c21db7aa8353762fd631dee -> 5ef8da36126434e84589959b86e516fc
  custom:scripting/monoscript/fileName/Interface1.cs: 27a7aa21a8a419a6206815213f4ba6a6 -> 
  custom:scripting/monoscript/fileName/ArmorBaff.cs: 70c1bf1c83c85feca86fa9c8f3c55d3c -> a07f9549f17c48276dea03fc66c7bfd2
  custom:video-decoder-ogg-theora: a1e56fd34408186e4bbccfd4996cb3dc -> 
  custom:scripting/monoscript/fileName/Items.cs: 5afa2fa4ca8aa91b76fce155a3536145 -> 
  custom:framework-win-MediaFoundation: 216162199b28c13a410421893ffa2e32 -> 
  custom:scripting/monoscript/fileName/Tower.cs: c7be0fb39d8a848aa997f795f195102b -> 16583eaf01662413665c0a8803428cd6
  custom:scripting/monoscript/fileName/Enemys.cs: 4d972a18405c8946f92a95d2f2962239 -> 
  custom:scripting/monoscript/fileName/CameraMov.cs: c480b4616f3f212da301fa2db62011cb -> 8d1bc534d5d9f7b3d3fd6559d17a5776
  custom:scripting/monoscript/fileName/Ckamikadze.cs: 03a754c80d0ce2d926067f30cc9e40c3 -> 4d931420b5cb82ab9e4fb52997ea6105
  custom:scripting/monoscript/fileName/EnemyShipPlus.cs: 807808cf6c0b5f3406d4a421fcf38e7e -> 3e6c4eb847cce182da9094758a84ce60
  custom:CustomObjectIndexerAttribute: 9a22284fe3817be447336de3de66b15e -> 
  custom:scripting/monoscript/fileName/Camicadze.cs: deda20ff186d324b0d043b94832c3f26 -> 707a81ec25376e70c6eee052373a424f
  custom:scripting/monoscript/fileName/Inventory.cs: d078795b7125c8d5b747e156a3e12651 -> 
  custom:container-demuxer-webm: 4f35f7cbe854078d1ac9338744f61a02 -> 
  custom:scripting/monoscript/fileName/PlayerBullet.cs: 81f5631a2d27c15c107e1b8e48a68b17 -> c731ef22c8269eb15db4a8cb2ead8d91
  custom:scripting/monoscript/fileName/EnemyTower.cs: 54dc549c512b2cde5376acadcd0b81f6 -> 90b56ab87bdb47629c28d2ce78a103b1
  custom:scripting/monoscript/fileName/Shop.cs: 4cc3b6a394f938df9db62e82d6fe0a49 -> 
  custom:container-muxer-webm: aa71ff27fc2769a1b78a27578f13a17b -> 
  custom:video-decoder-webm-vp8: 9c59270c3fd7afecdb556c50c9e8de78 -> 
  custom:SearchIndexIgnoredProperties: e643bd26f0fe6173181afceb89e7c659 -> 
  custom:AudioImporter_EditorPlatform: d09bf68614088b80899f8185d706f6e7 -> 
  custom:scripting/monoscript/fileName/EnemyPlus.cs: a586207fa648f7917477bfe8dec266b2 -> beefa226820bdb4360cec9810e9098cb
  custom:scripting/monoscript/fileName/Enemy.cs: 557636673865ff53c1268fb7ac755d02 -> 13cc614454c9ae28caa24456faa3d7cf
  custom:scripting/monoscript/fileName/ParallaxEffect.cs: 67b53693e10ef65e66fc7d844812888f -> 43188908e00f2d573e53778e58b4052b
  custom:scripting/monoscript/fileName/spawnbull.cs: 3b741392a6d703077611447a6746a4e5 -> be7b0679e6e5901a18d8fa20279066f5
  custom:video-encoder-webm-vp8: eb34c28f22e8b96e1ab97ce403110664 -> 
  custom:audio-decoder-ogg-vorbis: bf7c407c2cedff20999df2af8eb42d56 -> 
  custom:scripting/monoscript/fileName/resourse.cs: a8089f8367df99411b71e6652dc7104d -> 
  custom:scripting/monoscript/fileName/Asteroid.cs: 41caaae9223992022bb17e6c03c956d3 -> 
  custom:scripting/monoscript/fileName/Bullet.cs: 8a4c6cde67dc77cce90b30d03ab59176 -> a4f5918e799041ba1f6608f13912eb8b
  custom:scripting/monoscript/fileName/EnemyShip.cs: 90c9a0d051c66a1034c8d010e26f8e95 -> c7d5d4636cc8af29678ab6c1b1104a84
  custom:audio-encoder-webm-vorbis: bf7c407c2cedff20999df2af8eb42d56 -> 
  custom:scripting/precompiled-assembly-types:Assembly-CSharp: 4a56353739fc89ca355360b808c87e93 -> 035a0a5ade096b2c62a5c5b4a379e281
  custom:scripting/monoscript/fileName/OnDamage.cs: 27a7aa21a8a419a6206815213f4ba6a6 -> 
========================================================================
Received Import Request.
  Time since last request: 50.613061 seconds.
  path: Assets/Enemy/Uniouns.cs
  artifactKey: Guid(f9294ca37bdd40b4abf7414e223f47fe) Importer(815301076,1909f56bfc062723c751e8b465ee728b)
Start importing Assets/Enemy/Uniouns.cs using Guid(f9294ca37bdd40b4abf7414e223f47fe) Importer(815301076,1909f56bfc062723c751e8b465ee728b) [PhysX] Initialized MultithreadedTaskDispatcher with 12 workers.
 -> (artifact id: '39b5b7b8d44c58f706cdb14994cf77c1') in 0.001637 seconds
Number of updated asset objects reloaded before import = 0
Number of asset objects unloaded after import = 0
========================================================================
Received Prepare
Caller must complete domain reload
Begin MonoManager ReloadAssembly
- Loaded All Assemblies, in  0.383 seconds
Native extension for WindowsStandalone target not found
Mono: successfully reloaded assembly
- Finished resetting the current domain, in  0.952 seconds
Domain Reload Profiling: 1334ms
	BeginReloadAssembly (142ms)
		ExecutionOrderSort (0ms)
		DisableScriptedObjects (11ms)
		BackupInstance (0ms)
		ReleaseScriptingObjects (0ms)
		CreateAndSetChildDomain (36ms)
	RebuildCommonClasses (26ms)
	RebuildNativeTypeToScriptingClass (8ms)
	initialDomainReloadingComplete (24ms)
	LoadAllAssembliesAndSetupDomain (182ms)
		LoadAssemblies (228ms)
		RebuildTransferFunctionScriptingTraits (0ms)
		AnalyzeDomain (23ms)
			TypeCache.Refresh (8ms)
				TypeCache.ScanAssembly (0ms)
			ScanForSourceGeneratedMonoScriptInfo (9ms)
			ResolveRequiredComponents (5ms)
	FinalizeReload (952ms)
		ReleaseScriptCaches (0ms)
		RebuildScriptCaches (0ms)
		SetupLoadedEditorAssemblies (534ms)
			LogAssemblyErrors (0ms)
			InitializePlatformSupportModulesInManaged (4ms)
			SetLoadedEditorAssemblies (3ms)
			RefreshPlugins (0ms)
			BeforeProcessingInitializeOnLoad (55ms)
			ProcessInitializeOnLoadAttributes (443ms)
			ProcessInitializeOnLoadMethodAttributes (25ms)
			AfterProcessingInitializeOnLoad (3ms)
			EditorAssembliesLoaded (0ms)
		ExecutionOrderSort2 (0ms)
		AwakeInstancesAfterBackupRestoration (12ms)
Refreshing native plugins compatible for Editor in 2.76 ms, found 4 plugins.
Preloading 0 native plugins for Editor in 0.00 ms.
Unloading 4043 Unused Serialized files (Serialized files now loaded: 0)
Unloading 26 unused Assets / (214.2 KB). Loaded Objects now: 4561.
Memory consumption went from 144.9 MB to 144.7 MB.
Total: 4.233200 ms (FindLiveObjects: 0.297200 ms CreateObjectMapping: 0.237200 ms MarkObjects: 3.527800 ms  DeleteObjects: 0.170000 ms)

Prepare: number of updated asset objects reloaded= 0
AssetImportParameters requested are different than current active one (requested -> active):
  custom:scripting/monoscript/fileName/Spawner.cs: d4ecfa4bcf47f6dc773f0e956dfcf598 -> 7de732fab2c49f3068a483eb669d8d17
  custom:container-demuxer-ogg: 62fdf1f143b41e24485cea50d1cbac27 -> 
  custom:scripting/monoscript/fileName/Uniouns.cs: d6f10caf9c21db7aa8353762fd631dee -> 5ef8da36126434e84589959b86e516fc
  custom:scripting/monoscript/fileName/Interface1.cs: 27a7aa21a8a419a6206815213f4ba6a6 -> 
  custom:scripting/monoscript/fileName/ArmorBaff.cs: 70c1bf1c83c85feca86fa9c8f3c55d3c -> a07f9549f17c48276dea03fc66c7bfd2
  custom:video-decoder-ogg-theora: a1e56fd34408186e4bbccfd4996cb3dc -> 
  custom:scripting/monoscript/fileName/Items.cs: 5afa2fa4ca8aa91b76fce155a3536145 -> 
  custom:framework-win-MediaFoundation: 216162199b28c13a410421893ffa2e32 -> 
  custom:scripting/monoscript/fileName/Tower.cs: c7be0fb39d8a848aa997f795f195102b -> 16583eaf01662413665c0a8803428cd6
  custom:scripting/monoscript/fileName/Enemys.cs: 4d972a18405c8946f92a95d2f2962239 -> 
  custom:scripting/monoscript/fileName/CameraMov.cs: c480b4616f3f212da301fa2db62011cb -> 8d1bc534d5d9f7b3d3fd6559d17a5776
  custom:scripting/monoscript/fileName/Ckamikadze.cs: 03a754c80d0ce2d926067f30cc9e40c3 -> 4d931420b5cb82ab9e4fb52997ea6105
  custom:scripting/monoscript/fileName/EnemyShipPlus.cs: 807808cf6c0b5f3406d4a421fcf38e7e -> 3e6c4eb847cce182da9094758a84ce60
  custom:CustomObjectIndexerAttribute: 9a22284fe3817be447336de3de66b15e -> 
  custom:scripting/monoscript/fileName/Camicadze.cs: deda20ff186d324b0d043b94832c3f26 -> 707a81ec25376e70c6eee052373a424f
  custom:scripting/monoscript/fileName/Inventory.cs: d078795b7125c8d5b747e156a3e12651 -> 
  custom:container-demuxer-webm: 4f35f7cbe854078d1ac9338744f61a02 -> 
  custom:scripting/monoscript/fileName/PlayerBullet.cs: 81f5631a2d27c15c107e1b8e48a68b17 -> c731ef22c8269eb15db4a8cb2ead8d91
  custom:scripting/monoscript/fileName/EnemyTower.cs: 54dc549c512b2cde5376acadcd0b81f6 -> 90b56ab87bdb47629c28d2ce78a103b1
  custom:scripting/monoscript/fileName/Shop.cs: 4cc3b6a394f938df9db62e82d6fe0a49 -> 
  custom:container-muxer-webm: aa71ff27fc2769a1b78a27578f13a17b -> 
  custom:video-decoder-webm-vp8: 9c59270c3fd7afecdb556c50c9e8de78 -> 
  custom:SearchIndexIgnoredProperties: e643bd26f0fe6173181afceb89e7c659 -> 
  custom:AudioImporter_EditorPlatform: d09bf68614088b80899f8185d706f6e7 -> 
  custom:scripting/monoscript/fileName/EnemyPlus.cs: a586207fa648f7917477bfe8dec266b2 -> beefa226820bdb4360cec9810e9098cb
  custom:scripting/monoscript/fileName/Enemy.cs: 557636673865ff53c1268fb7ac755d02 -> 13cc614454c9ae28caa24456faa3d7cf
  custom:scripting/monoscript/fileName/ParallaxEffect.cs: 67b53693e10ef65e66fc7d844812888f -> 43188908e00f2d573e53778e58b4052b
  custom:scripting/monoscript/fileName/spawnbull.cs: 3b741392a6d703077611447a6746a4e5 -> be7b0679e6e5901a18d8fa20279066f5
  custom:video-encoder-webm-vp8: eb34c28f22e8b96e1ab97ce403110664 -> 
  custom:audio-decoder-ogg-vorbis: bf7c407c2cedff20999df2af8eb42d56 -> 
  custom:scripting/monoscript/fileName/resourse.cs: a8089f8367df99411b71e6652dc7104d -> 
  custom:scripting/monoscript/fileName/Asteroid.cs: 41caaae9223992022bb17e6c03c956d3 -> 
  custom:scripting/monoscript/fileName/Bullet.cs: 8a4c6cde67dc77cce90b30d03ab59176 -> a4f5918e799041ba1f6608f13912eb8b
  custom:scripting/monoscript/fileName/EnemyShip.cs: 90c9a0d051c66a1034c8d010e26f8e95 -> c7d5d4636cc8af29678ab6c1b1104a84
  custom:audio-encoder-webm-vorbis: bf7c407c2cedff20999df2af8eb42d56 -> 
  custom:scripting/precompiled-assembly-types:Assembly-CSharp: cd89adfde47af7877f3218d37e837ccf -> 035a0a5ade096b2c62a5c5b4a379e281
  custom:scripting/monoscript/fileName/OnDamage.cs: 27a7aa21a8a419a6206815213f4ba6a6 -> 
========================================================================
Received Prepare
Caller must complete domain reload
Begin MonoManager ReloadAssembly
- Loaded All Assemblies, in  0.381 seconds
Native extension for WindowsStandalone target not found
Mono: successfully reloaded assembly
- Finished resetting the current domain, in  0.969 seconds
Domain Reload Profiling: 1350ms
	BeginReloadAssembly (140ms)
		ExecutionOrderSort (0ms)
		DisableScriptedObjects (10ms)
		BackupInstance (0ms)
		ReleaseScriptingObjects (0ms)
		CreateAndSetChildDomain (34ms)
	RebuildCommonClasses (26ms)
	RebuildNativeTypeToScriptingClass (9ms)
	initialDomainReloadingComplete (22ms)
	LoadAllAssembliesAndSetupDomain (184ms)
		LoadAssemblies (231ms)
		RebuildTransferFunctionScriptingTraits (0ms)
		AnalyzeDomain (22ms)
			TypeCache.Refresh (7ms)
				TypeCache.ScanAssembly (0ms)
			ScanForSourceGeneratedMonoScriptInfo (9ms)
			ResolveRequiredComponents (5ms)
	FinalizeReload (970ms)
		ReleaseScriptCaches (0ms)
		RebuildScriptCaches (0ms)
		SetupLoadedEditorAssemblies (537ms)
			LogAssemblyErrors (0ms)
			InitializePlatformSupportModulesInManaged (4ms)
			SetLoadedEditorAssemblies (3ms)
			RefreshPlugins (0ms)
			BeforeProcessingInitializeOnLoad (60ms)
			ProcessInitializeOnLoadAttributes (443ms)
			ProcessInitializeOnLoadMethodAttributes (25ms)
			AfterProcessingInitializeOnLoad (2ms)
			EditorAssembliesLoaded (0ms)
		ExecutionOrderSort2 (0ms)
		AwakeInstancesAfterBackupRestoration (11ms)
Refreshing native plugins compatible for Editor in 3.69 ms, found 4 plugins.
Preloading 0 native plugins for Editor in 0.00 ms.
Unloading 4044 Unused Serialized files (Serialized files now loaded: 0)
Unloading 25 unused Assets / (213.5 KB). Loaded Objects now: 4565.
Memory consumption went from 145.2 MB to 145.0 MB.
Total: 4.072700 ms (FindLiveObjects: 0.288200 ms CreateObjectMapping: 0.230300 ms MarkObjects: 3.387900 ms  DeleteObjects: 0.165500 ms)

Prepare: number of updated asset objects reloaded= 0
AssetImportParameters requested are different than current active one (requested -> active):
  custom:scripting/monoscript/fileName/Spawner.cs: d4ecfa4bcf47f6dc773f0e956dfcf598 -> 7de732fab2c49f3068a483eb669d8d17
  custom:container-demuxer-ogg: 62fdf1f143b41e24485cea50d1cbac27 -> 
  custom:scripting/monoscript/fileName/Uniouns.cs: d6f10caf9c21db7aa8353762fd631dee -> 5ef8da36126434e84589959b86e516fc
  custom:scripting/monoscript/fileName/Interface1.cs: 27a7aa21a8a419a6206815213f4ba6a6 -> 
  custom:scripting/monoscript/fileName/ArmorBaff.cs: 70c1bf1c83c85feca86fa9c8f3c55d3c -> a07f9549f17c48276dea03fc66c7bfd2
  custom:video-decoder-ogg-theora: a1e56fd34408186e4bbccfd4996cb3dc -> 
  custom:scripting/monoscript/fileName/Items.cs: 5afa2fa4ca8aa91b76fce155a3536145 -> 
  custom:framework-win-MediaFoundation: 216162199b28c13a410421893ffa2e32 -> 
  custom:scripting/monoscript/fileName/Tower.cs: c7be0fb39d8a848aa997f795f195102b -> 16583eaf01662413665c0a8803428cd6
  custom:scripting/monoscript/fileName/Enemys.cs: 4d972a18405c8946f92a95d2f2962239 -> 
  custom:scripting/monoscript/fileName/CameraMov.cs: c480b4616f3f212da301fa2db62011cb -> 8d1bc534d5d9f7b3d3fd6559d17a5776
  custom:scripting/monoscript/fileName/Ckamikadze.cs: 03a754c80d0ce2d926067f30cc9e40c3 -> 4d931420b5cb82ab9e4fb52997ea6105
  custom:scripting/monoscript/fileName/EnemyShipPlus.cs: 807808cf6c0b5f3406d4a421fcf38e7e -> 3e6c4eb847cce182da9094758a84ce60
  custom:CustomObjectIndexerAttribute: 9a22284fe3817be447336de3de66b15e -> 
  custom:scripting/monoscript/fileName/Camicadze.cs: deda20ff186d324b0d043b94832c3f26 -> 707a81ec25376e70c6eee052373a424f
  custom:scripting/monoscript/fileName/Inventory.cs: d078795b7125c8d5b747e156a3e12651 -> 
  custom:container-demuxer-webm: 4f35f7cbe854078d1ac9338744f61a02 -> 
  custom:scripting/monoscript/fileName/PlayerBullet.cs: 81f5631a2d27c15c107e1b8e48a68b17 -> c731ef22c8269eb15db4a8cb2ead8d91
  custom:scripting/monoscript/fileName/EnemyTower.cs: 54dc549c512b2cde5376acadcd0b81f6 -> 90b56ab87bdb47629c28d2ce78a103b1
  custom:scripting/monoscript/fileName/Shop.cs: 4cc3b6a394f938df9db62e82d6fe0a49 -> 
  custom:container-muxer-webm: aa71ff27fc2769a1b78a27578f13a17b -> 
  custom:video-decoder-webm-vp8: 9c59270c3fd7afecdb556c50c9e8de78 -> 
  custom:SearchIndexIgnoredProperties: e643bd26f0fe6173181afceb89e7c659 -> 
  custom:AudioImporter_EditorPlatform: d09bf68614088b80899f8185d706f6e7 -> 
  custom:scripting/monoscript/fileName/EnemyPlus.cs: a586207fa648f7917477bfe8dec266b2 -> beefa226820bdb4360cec9810e9098cb
  custom:scripting/monoscript/fileName/Enemy.cs: 557636673865ff53c1268fb7ac755d02 -> 13cc614454c9ae28caa24456faa3d7cf
  custom:scripting/monoscript/fileName/ParallaxEffect.cs: 67b53693e10ef65e66fc7d844812888f -> 43188908e00f2d573e53778e58b4052b
  custom:scripting/monoscript/fileName/spawnbull.cs: a6220fdc31d2b1052655867227c9ced7 -> be7b0679e6e5901a18d8fa20279066f5
  custom:video-encoder-webm-vp8: eb34c28f22e8b96e1ab97ce403110664 -> 
  custom:audio-decoder-ogg-vorbis: bf7c407c2cedff20999df2af8eb42d56 -> 
  custom:scripting/monoscript/fileName/resourse.cs: a8089f8367df99411b71e6652dc7104d -> 
  custom:scripting/monoscript/fileName/Asteroid.cs: 41caaae9223992022bb17e6c03c956d3 -> 
  custom:scripting/monoscript/fileName/Bullet.cs: 8a4c6cde67dc77cce90b30d03ab59176 -> a4f5918e799041ba1f6608f13912eb8b
  custom:scripting/monoscript/fileName/EnemyShip.cs: 90c9a0d051c66a1034c8d010e26f8e95 -> c7d5d4636cc8af29678ab6c1b1104a84
  custom:audio-encoder-webm-vorbis: bf7c407c2cedff20999df2af8eb42d56 -> 
  custom:scripting/precompiled-assembly-types:Assembly-CSharp: 0cb0ada8ebfad4da7811efe2655e4e64 -> 035a0a5ade096b2c62a5c5b4a379e281
  custom:scripting/monoscript/fileName/OnDamage.cs: 27a7aa21a8a419a6206815213f4ba6a6 -> 
========================================================================
Received Prepare
Caller must complete domain reload
Begin MonoManager ReloadAssembly
- Loaded All Assemblies, in  0.378 seconds
Native extension for WindowsStandalone target not found
Mono: successfully reloaded assembly
- Finished resetting the current domain, in  0.963 seconds
Domain Reload Profiling: 1340ms
	BeginReloadAssembly (138ms)
		ExecutionOrderSort (0ms)
		DisableScriptedObjects (10ms)
		BackupInstance (0ms)
		ReleaseScriptingObjects (0ms)
		CreateAndSetChildDomain (34ms)
	RebuildCommonClasses (26ms)
	RebuildNativeTypeToScriptingClass (8ms)
	initialDomainReloadingComplete (23ms)
	LoadAllAssembliesAndSetupDomain (182ms)
		LoadAssemblies (228ms)
		RebuildTransferFunctionScriptingTraits (0ms)
		AnalyzeDomain (23ms)
			TypeCache.Refresh (8ms)
				TypeCache.ScanAssembly (0ms)
			ScanForSourceGeneratedMonoScriptInfo (9ms)
			ResolveRequiredComponents (5ms)
	FinalizeReload (963ms)
		ReleaseScriptCaches (0ms)
		RebuildScriptCaches (0ms)
		SetupLoadedEditorAssemblies (532ms)
			LogAssemblyErrors (0ms)
			InitializePlatformSupportModulesInManaged (4ms)
			SetLoadedEditorAssemblies (3ms)
			RefreshPlugins (0ms)
			BeforeProcessingInitializeOnLoad (55ms)
			ProcessInitializeOnLoadAttributes (442ms)
			ProcessInitializeOnLoadMethodAttributes (26ms)
			AfterProcessingInitializeOnLoad (2ms)
			EditorAssembliesLoaded (0ms)
		ExecutionOrderSort2 (0ms)
		AwakeInstancesAfterBackupRestoration (12ms)
Refreshing native plugins compatible for Editor in 3.64 ms, found 4 plugins.
Preloading 0 native plugins for Editor in 0.00 ms.
Unloading 4044 Unused Serialized files (Serialized files now loaded: 0)
Unloading 25 unused Assets / (213.4 KB). Loaded Objects now: 4569.
Memory consumption went from 145.2 MB to 145.0 MB.
Total: 4.167100 ms (FindLiveObjects: 0.297500 ms CreateObjectMapping: 0.233300 ms MarkObjects: 3.425500 ms  DeleteObjects: 0.209900 ms)

Prepare: number of updated asset objects reloaded= 0
AssetImportParameters requested are different than current active one (requested -> active):
  custom:scripting/monoscript/fileName/Spawner.cs: c8a8c913f5964cbf0734ebfb2ff7e0c2 -> 7de732fab2c49f3068a483eb669d8d17
  custom:container-demuxer-ogg: 62fdf1f143b41e24485cea50d1cbac27 -> 
  custom:scripting/monoscript/fileName/Uniouns.cs: d6f10caf9c21db7aa8353762fd631dee -> 5ef8da36126434e84589959b86e516fc
  custom:scripting/monoscript/fileName/Interface1.cs: 27a7aa21a8a419a6206815213f4ba6a6 -> 
  custom:scripting/monoscript/fileName/ArmorBaff.cs: 70c1bf1c83c85feca86fa9c8f3c55d3c -> a07f9549f17c48276dea03fc66c7bfd2
  custom:video-decoder-ogg-theora: a1e56fd34408186e4bbccfd4996cb3dc -> 
  custom:scripting/monoscript/fileName/Items.cs: 5afa2fa4ca8aa91b76fce155a3536145 -> 
  custom:framework-win-MediaFoundation: 216162199b28c13a410421893ffa2e32 -> 
  custom:scripting/monoscript/fileName/Tower.cs: c7be0fb39d8a848aa997f795f195102b -> 16583eaf01662413665c0a8803428cd6
  custom:scripting/monoscript/fileName/Enemys.cs: 4d972a18405c8946f92a95d2f2962239 -> 
  custom:scripting/monoscript/fileName/CameraMov.cs: c480b4616f3f212da301fa2db62011cb -> 8d1bc534d5d9f7b3d3fd6559d17a5776
  custom:scripting/monoscript/fileName/Ckamikadze.cs: 03a754c80d0ce2d926067f30cc9e40c3 -> 4d931420b5cb82ab9e4fb52997ea6105
  custom:scripting/monoscript/fileName/EnemyShipPlus.cs: 807808cf6c0b5f3406d4a421fcf38e7e -> 3e6c4eb847cce182da9094758a84ce60
  custom:CustomObjectIndexerAttribute: 9a22284fe3817be447336de3de66b15e -> 
  custom:scripting/monoscript/fileName/Camicadze.cs: deda20ff186d324b0d043b94832c3f26 -> 707a81ec25376e70c6eee052373a424f
  custom:scripting/monoscript/fileName/Inventory.cs: d078795b7125c8d5b747e156a3e12651 -> 
  custom:container-demuxer-webm: 4f35f7cbe854078d1ac9338744f61a02 -> 
  custom:scripting/monoscript/fileName/PlayerBullet.cs: 81f5631a2d27c15c107e1b8e48a68b17 -> c731ef22c8269eb15db4a8cb2ead8d91
  custom:scripting/monoscript/fileName/EnemyTower.cs: 54dc549c512b2cde5376acadcd0b81f6 -> 90b56ab87bdb47629c28d2ce78a103b1
  custom:scripting/monoscript/fileName/Shop.cs: 4cc3b6a394f938df9db62e82d6fe0a49 -> 
  custom:container-muxer-webm: aa71ff27fc2769a1b78a27578f13a17b -> 
  custom:video-decoder-webm-vp8: 9c59270c3fd7afecdb556c50c9e8de78 -> 
  custom:SearchIndexIgnoredProperties: e643bd26f0fe6173181afceb89e7c659 -> 
  custom:AudioImporter_EditorPlatform: d09bf68614088b80899f8185d706f6e7 -> 
  custom:scripting/monoscript/fileName/EnemyPlus.cs: a586207fa648f7917477bfe8dec266b2 -> beefa226820bdb4360cec9810e9098cb
  custom:scripting/monoscript/fileName/Enemy.cs: 557636673865ff53c1268fb7ac755d02 -> 13cc614454c9ae28caa24456faa3d7cf
  custom:scripting/monoscript/fileName/ParallaxEffect.cs: 67b53693e10ef65e66fc7d844812888f -> 43188908e00f2d573e53778e58b4052b
  custom:scripting/monoscript/fileName/spawnbull.cs: a6220fdc31d2b1052655867227c9ced7 -> be7b0679e6e5901a18d8fa20279066f5
  custom:video-encoder-webm-vp8: eb34c28f22e8b96e1ab97ce403110664 -> 
  custom:audio-decoder-ogg-vorbis: bf7c407c2cedff20999df2af8eb42d56 -> 
  custom:scripting/monoscript/fileName/resourse.cs: a8089f8367df99411b71e6652dc7104d -> 
  custom:scripting/monoscript/fileName/Asteroid.cs: 41caaae9223992022bb17e6c03c956d3 -> 
  custom:scripting/monoscript/fileName/Bullet.cs: faa6b9c023d9c457c85aa36068963d2c -> a4f5918e799041ba1f6608f13912eb8b
  custom:scripting/monoscript/fileName/EnemyShip.cs: 90c9a0d051c66a1034c8d010e26f8e95 -> c7d5d4636cc8af29678ab6c1b1104a84
  custom:audio-encoder-webm-vorbis: bf7c407c2cedff20999df2af8eb42d56 -> 
  custom:scripting/precompiled-assembly-types:Assembly-CSharp: 3e00ad6afc10b33e9c1166cbea0e9e2c -> 035a0a5ade096b2c62a5c5b4a379e281
  custom:scripting/monoscript/fileName/OnDamage.cs: 27a7aa21a8a419a6206815213f4ba6a6 -> 
========================================================================
Received Import Request.
  Time since last request: 118.561447 seconds.
  path: Assets/prefab/Circle.prefab
  artifactKey: Guid(fcbd372f5aa07154c8a7846c1df88cb7) Importer(815301076,1909f56bfc062723c751e8b465ee728b)
Start importing Assets/prefab/Circle.prefab using Guid(fcbd372f5aa07154c8a7846c1df88cb7) Importer(815301076,1909f56bfc062723c751e8b465ee728b) [PhysX] Initialized MultithreadedTaskDispatcher with 12 workers.
[PhysX] Initialized MultithreadedTaskDispatcher with 12 workers.
 -> (artifact id: '192c4a5d766cf9a1af7af415b3ab9a4e') in 0.047514 seconds
Number of updated asset objects reloaded before import = 0
Number of asset objects unloaded after import = 9
========================================================================
Received Import Request.
  Time since last request: 0.000018 seconds.
  path: Assets/prefab/Triangle.prefab
  artifactKey: Guid(fc8d044c71b65d848a64695d601d3a49) Importer(815301076,1909f56bfc062723c751e8b465ee728b)
Start importing Assets/prefab/Triangle.prefab using Guid(fc8d044c71b65d848a64695d601d3a49) Importer(815301076,1909f56bfc062723c751e8b465ee728b) [PhysX] Initialized MultithreadedTaskDispatcher with 12 workers.
[PhysX] Initialized MultithreadedTaskDispatcher with 12 workers.
 -> (artifact id: '1484f8d9827b56ef1b8bf30b82d041c2') in 0.010923 seconds
Number of updated asset objects reloaded before import = 0
Number of asset objects unloaded after import = 30
========================================================================
Received Prepare
Caller must complete domain reload
Begin MonoManager ReloadAssembly
- Loaded All Assemblies, in  0.380 seconds
Native extension for WindowsStandalone target not found
Mono: successfully reloaded assembly
- Finished resetting the current domain, in  0.968 seconds
Domain Reload Profiling: 1348ms
	BeginReloadAssembly (139ms)
		ExecutionOrderSort (0ms)
		DisableScriptedObjects (10ms)
		BackupInstance (0ms)
		ReleaseScriptingObjects (0ms)
		CreateAndSetChildDomain (36ms)
	RebuildCommonClasses (27ms)
	RebuildNativeTypeToScriptingClass (8ms)
	initialDomainReloadingComplete (22ms)
	LoadAllAssembliesAndSetupDomain (183ms)
		LoadAssemblies (231ms)
		RebuildTransferFunctionScriptingTraits (0ms)
		AnalyzeDomain (22ms)
			TypeCache.Refresh (7ms)
				TypeCache.ScanAssembly (0ms)
			ScanForSourceGeneratedMonoScriptInfo (8ms)
			ResolveRequiredComponents (5ms)
	FinalizeReload (969ms)
		ReleaseScriptCaches (0ms)
		RebuildScriptCaches (0ms)
		SetupLoadedEditorAssemblies (531ms)
			LogAssemblyErrors (0ms)
			InitializePlatformSupportModulesInManaged (4ms)
			SetLoadedEditorAssemblies (3ms)
			RefreshPlugins (0ms)
			BeforeProcessingInitializeOnLoad (56ms)
			ProcessInitializeOnLoadAttributes (437ms)
			ProcessInitializeOnLoadMethodAttributes (28ms)
			AfterProcessingInitializeOnLoad (3ms)
			EditorAssembliesLoaded (0ms)
		ExecutionOrderSort2 (0ms)
		AwakeInstancesAfterBackupRestoration (12ms)
Refreshing native plugins compatible for Editor in 3.87 ms, found 4 plugins.
Preloading 0 native plugins for Editor in 0.00 ms.
Unloading 4043 Unused Serialized files (Serialized files now loaded: 0)
Unloading 25 unused Assets / (213.6 KB). Loaded Objects now: 4573.
Memory consumption went from 144.9 MB to 144.7 MB.
Total: 3.958300 ms (FindLiveObjects: 0.324400 ms CreateObjectMapping: 0.222700 ms MarkObjects: 3.238100 ms  DeleteObjects: 0.172100 ms)

Prepare: number of updated asset objects reloaded= 0
AssetImportParameters requested are different than current active one (requested -> active):
  custom:scripting/monoscript/fileName/Spawner.cs: c8a8c913f5964cbf0734ebfb2ff7e0c2 -> 7de732fab2c49f3068a483eb669d8d17
  custom:container-demuxer-ogg: 62fdf1f143b41e24485cea50d1cbac27 -> 
  custom:scripting/monoscript/fileName/Uniouns.cs: d6f10caf9c21db7aa8353762fd631dee -> 5ef8da36126434e84589959b86e516fc
  custom:scripting/monoscript/fileName/Interface1.cs: 27a7aa21a8a419a6206815213f4ba6a6 -> 
  custom:scripting/monoscript/fileName/ArmorBaff.cs: 70c1bf1c83c85feca86fa9c8f3c55d3c -> a07f9549f17c48276dea03fc66c7bfd2
  custom:video-decoder-ogg-theora: a1e56fd34408186e4bbccfd4996cb3dc -> 
  custom:scripting/monoscript/fileName/Items.cs: 5afa2fa4ca8aa91b76fce155a3536145 -> 
  custom:framework-win-MediaFoundation: 216162199b28c13a410421893ffa2e32 -> 
  custom:scripting/monoscript/fileName/Tower.cs: c7be0fb39d8a848aa997f795f195102b -> 16583eaf01662413665c0a8803428cd6
  custom:scripting/monoscript/fileName/Enemys.cs: 4d972a18405c8946f92a95d2f2962239 -> 
  custom:scripting/monoscript/fileName/CameraMov.cs: c480b4616f3f212da301fa2db62011cb -> 8d1bc534d5d9f7b3d3fd6559d17a5776
  custom:scripting/monoscript/fileName/Ckamikadze.cs: 03a754c80d0ce2d926067f30cc9e40c3 -> 4d931420b5cb82ab9e4fb52997ea6105
  custom:scripting/monoscript/fileName/EnemyShipPlus.cs: 807808cf6c0b5f3406d4a421fcf38e7e -> 3e6c4eb847cce182da9094758a84ce60
  custom:CustomObjectIndexerAttribute: 9a22284fe3817be447336de3de66b15e -> 
  custom:scripting/monoscript/fileName/Camicadze.cs: deda20ff186d324b0d043b94832c3f26 -> 707a81ec25376e70c6eee052373a424f
  custom:scripting/monoscript/fileName/Inventory.cs: d078795b7125c8d5b747e156a3e12651 -> 
  custom:container-demuxer-webm: 4f35f7cbe854078d1ac9338744f61a02 -> 
  custom:scripting/monoscript/fileName/PlayerBullet.cs: 81f5631a2d27c15c107e1b8e48a68b17 -> c731ef22c8269eb15db4a8cb2ead8d91
  custom:scripting/monoscript/fileName/EnemyTower.cs: 54dc549c512b2cde5376acadcd0b81f6 -> 90b56ab87bdb47629c28d2ce78a103b1
  custom:scripting/monoscript/fileName/Shop.cs: 4cc3b6a394f938df9db62e82d6fe0a49 -> 
  custom:container-muxer-webm: aa71ff27fc2769a1b78a27578f13a17b -> 
  custom:video-decoder-webm-vp8: 9c59270c3fd7afecdb556c50c9e8de78 -> 
  custom:SearchIndexIgnoredProperties: e643bd26f0fe6173181afceb89e7c659 -> 
  custom:AudioImporter_EditorPlatform: d09bf68614088b80899f8185d706f6e7 -> 
  custom:scripting/monoscript/fileName/EnemyPlus.cs: a586207fa648f7917477bfe8dec266b2 -> beefa226820bdb4360cec9810e9098cb
  custom:scripting/monoscript/fileName/Enemy.cs: 557636673865ff53c1268fb7ac755d02 -> 13cc614454c9ae28caa24456faa3d7cf
  custom:scripting/monoscript/fileName/ParallaxEffect.cs: c9087dc8b3988bbf61670bbd5c216385 -> 43188908e00f2d573e53778e58b4052b
  custom:scripting/monoscript/fileName/spawnbull.cs: a6220fdc31d2b1052655867227c9ced7 -> be7b0679e6e5901a18d8fa20279066f5
  custom:video-encoder-webm-vp8: eb34c28f22e8b96e1ab97ce403110664 -> 
  custom:audio-decoder-ogg-vorbis: bf7c407c2cedff20999df2af8eb42d56 -> 
  custom:scripting/monoscript/fileName/resourse.cs: a8089f8367df99411b71e6652dc7104d -> 
  custom:scripting/monoscript/fileName/Asteroid.cs: 41caaae9223992022bb17e6c03c956d3 -> 
  custom:scripting/monoscript/fileName/Bullet.cs: faa6b9c023d9c457c85aa36068963d2c -> a4f5918e799041ba1f6608f13912eb8b
  custom:scripting/monoscript/fileName/EnemyShip.cs: 90c9a0d051c66a1034c8d010e26f8e95 -> c7d5d4636cc8af29678ab6c1b1104a84
  custom:audio-encoder-webm-vorbis: bf7c407c2cedff20999df2af8eb42d56 -> 
  custom:scripting/precompiled-assembly-types:Assembly-CSharp: fd7283bf52d8e7b98b30fc76d44faa7d -> 035a0a5ade096b2c62a5c5b4a379e281
  custom:scripting/monoscript/fileName/OnDamage.cs: 27a7aa21a8a419a6206815213f4ba6a6 -> 
========================================================================
Received Prepare
Caller must complete domain reload
Begin MonoManager ReloadAssembly
- Loaded All Assemblies, in  0.396 seconds
Native extension for WindowsStandalone target not found
Mono: successfully reloaded assembly
- Finished resetting the current domain, in  0.974 seconds
Domain Reload Profiling: 1369ms
	BeginReloadAssembly (147ms)
		ExecutionOrderSort (0ms)
		DisableScriptedObjects (11ms)
		BackupInstance (0ms)
		ReleaseScriptingObjects (0ms)
		CreateAndSetChildDomain (37ms)
	RebuildCommonClasses (27ms)
	RebuildNativeTypeToScriptingClass (9ms)
	initialDomainReloadingComplete (22ms)
	LoadAllAssembliesAndSetupDomain (191ms)
		LoadAssemblies (242ms)
		RebuildTransferFunctionScriptingTraits (0ms)
		AnalyzeDomain (23ms)
			TypeCache.Refresh (7ms)
				TypeCache.ScanAssembly (0ms)
			ScanForSourceGeneratedMonoScriptInfo (9ms)
			ResolveRequiredComponents (5ms)
	FinalizeReload (975ms)
		ReleaseScriptCaches (0ms)
		RebuildScriptCaches (0ms)
		SetupLoadedEditorAssemblies (535ms)
			LogAssemblyErrors (0ms)
			InitializePlatformSupportModulesInManaged (4ms)
			SetLoadedEditorAssemblies (3ms)
			RefreshPlugins (0ms)
			BeforeProcessingInitializeOnLoad (58ms)
			ProcessInitializeOnLoadAttributes (441ms)
			ProcessInitializeOnLoadMethodAttributes (26ms)
			AfterProcessingInitializeOnLoad (3ms)
			EditorAssembliesLoaded (0ms)
		ExecutionOrderSort2 (0ms)
		AwakeInstancesAfterBackupRestoration (12ms)
Refreshing native plugins compatible for Editor in 2.85 ms, found 4 plugins.
Preloading 0 native plugins for Editor in 0.00 ms.
Unloading 4044 Unused Serialized files (Serialized files now loaded: 0)
Unloading 25 unused Assets / (213.7 KB). Loaded Objects now: 4577.
Memory consumption went from 145.2 MB to 145.0 MB.
Total: 3.826400 ms (FindLiveObjects: 0.265600 ms CreateObjectMapping: 0.209800 ms MarkObjects: 3.183000 ms  DeleteObjects: 0.167300 ms)

Prepare: number of updated asset objects reloaded= 0
AssetImportParameters requested are different than current active one (requested -> active):
  custom:scripting/monoscript/fileName/Spawner.cs: c8a8c913f5964cbf0734ebfb2ff7e0c2 -> 7de732fab2c49f3068a483eb669d8d17
  custom:container-demuxer-ogg: 62fdf1f143b41e24485cea50d1cbac27 -> 
  custom:scripting/monoscript/fileName/Uniouns.cs: d6f10caf9c21db7aa8353762fd631dee -> 5ef8da36126434e84589959b86e516fc
  custom:scripting/monoscript/fileName/Interface1.cs: 27a7aa21a8a419a6206815213f4ba6a6 -> 
  custom:scripting/monoscript/fileName/ArmorBaff.cs: a054e239ba3e71b4dabb1407da265998 -> a07f9549f17c48276dea03fc66c7bfd2
  custom:video-decoder-ogg-theora: a1e56fd34408186e4bbccfd4996cb3dc -> 
  custom:scripting/monoscript/fileName/Items.cs: 5afa2fa4ca8aa91b76fce155a3536145 -> 
  custom:framework-win-MediaFoundation: 216162199b28c13a410421893ffa2e32 -> 
  custom:scripting/monoscript/fileName/Tower.cs: c7be0fb39d8a848aa997f795f195102b -> 16583eaf01662413665c0a8803428cd6
  custom:scripting/monoscript/fileName/Enemys.cs: 4d972a18405c8946f92a95d2f2962239 -> 
  custom:scripting/monoscript/fileName/CameraMov.cs: c480b4616f3f212da301fa2db62011cb -> 8d1bc534d5d9f7b3d3fd6559d17a5776
  custom:scripting/monoscript/fileName/Ckamikadze.cs: 03a754c80d0ce2d926067f30cc9e40c3 -> 4d931420b5cb82ab9e4fb52997ea6105
  custom:scripting/monoscript/fileName/EnemyShipPlus.cs: 807808cf6c0b5f3406d4a421fcf38e7e -> 3e6c4eb847cce182da9094758a84ce60
  custom:CustomObjectIndexerAttribute: 9a22284fe3817be447336de3de66b15e -> 
  custom:scripting/monoscript/fileName/Camicadze.cs: deda20ff186d324b0d043b94832c3f26 -> 707a81ec25376e70c6eee052373a424f
  custom:scripting/monoscript/fileName/Inventory.cs: d078795b7125c8d5b747e156a3e12651 -> 
  custom:container-demuxer-webm: 4f35f7cbe854078d1ac9338744f61a02 -> 
  custom:scripting/monoscript/fileName/PlayerBullet.cs: 81f5631a2d27c15c107e1b8e48a68b17 -> c731ef22c8269eb15db4a8cb2ead8d91
  custom:scripting/monoscript/fileName/EnemyTower.cs: 54dc549c512b2cde5376acadcd0b81f6 -> 90b56ab87bdb47629c28d2ce78a103b1
  custom:scripting/monoscript/fileName/Shop.cs: 4cc3b6a394f938df9db62e82d6fe0a49 -> 
  custom:container-muxer-webm: aa71ff27fc2769a1b78a27578f13a17b -> 
  custom:video-decoder-webm-vp8: 9c59270c3fd7afecdb556c50c9e8de78 -> 
  custom:SearchIndexIgnoredProperties: e643bd26f0fe6173181afceb89e7c659 -> 
  custom:AudioImporter_EditorPlatform: d09bf68614088b80899f8185d706f6e7 -> 
  custom:scripting/monoscript/fileName/EnemyPlus.cs: a586207fa648f7917477bfe8dec266b2 -> beefa226820bdb4360cec9810e9098cb
  custom:scripting/monoscript/fileName/Enemy.cs: 557636673865ff53c1268fb7ac755d02 -> 13cc614454c9ae28caa24456faa3d7cf
  custom:scripting/monoscript/fileName/ParallaxEffect.cs: c9087dc8b3988bbf61670bbd5c216385 -> 43188908e00f2d573e53778e58b4052b
  custom:scripting/monoscript/fileName/spawnbull.cs: a6220fdc31d2b1052655867227c9ced7 -> be7b0679e6e5901a18d8fa20279066f5
  custom:video-encoder-webm-vp8: eb34c28f22e8b96e1ab97ce403110664 -> 
  custom:audio-decoder-ogg-vorbis: bf7c407c2cedff20999df2af8eb42d56 -> 
  custom:scripting/monoscript/fileName/resourse.cs: a8089f8367df99411b71e6652dc7104d -> 
  custom:scripting/monoscript/fileName/Asteroid.cs: 41caaae9223992022bb17e6c03c956d3 -> 
  custom:scripting/monoscript/fileName/Bullet.cs: faa6b9c023d9c457c85aa36068963d2c -> a4f5918e799041ba1f6608f13912eb8b
  custom:scripting/monoscript/fileName/EnemyShip.cs: 90c9a0d051c66a1034c8d010e26f8e95 -> c7d5d4636cc8af29678ab6c1b1104a84
  custom:audio-encoder-webm-vorbis: bf7c407c2cedff20999df2af8eb42d56 -> 
  custom:scripting/precompiled-assembly-types:Assembly-CSharp: b048971ff90658918b62fe337f3c09c9 -> 035a0a5ade096b2c62a5c5b4a379e281
  custom:scripting/monoscript/fileName/OnDamage.cs: 27a7aa21a8a419a6206815213f4ba6a6 -> 
